1746117504|AnaWk|A|/README.md
1746117735|AnaWk|A|/.editorconfig
1746117735|AnaWk|A|/.env.example
1746117735|AnaWk|A|/.gitattributes
1746117735|AnaWk|A|/.gitignore
1746117735|AnaWk|A|/app/Http/Controllers/Controller.php
1746117735|AnaWk|A|/app/Models/User.php
1746117735|AnaWk|A|/app/Providers/AppServiceProvider.php
1746117735|AnaWk|A|/artisan
1746117735|AnaWk|A|/bootstrap/app.php
1746117735|AnaWk|A|/bootstrap/cache/.gitignore
1746117735|AnaWk|A|/bootstrap/providers.php
1746117735|AnaWk|A|/composer.json
1746117735|AnaWk|A|/composer.lock
1746117735|AnaWk|A|/config/app.php
1746117735|AnaWk|A|/config/auth.php
1746117735|AnaWk|A|/config/cache.php
1746117735|AnaWk|A|/config/database.php
1746117735|AnaWk|A|/config/filesystems.php
1746117735|AnaWk|A|/config/logging.php
1746117735|AnaWk|A|/config/mail.php
1746117735|AnaWk|A|/config/queue.php
1746117735|AnaWk|A|/config/services.php
1746117735|AnaWk|A|/config/session.php
1746117735|AnaWk|A|/database/.gitignore
1746117735|AnaWk|A|/database/factories/UserFactory.php
1746117735|AnaWk|A|/database/migrations/0001_01_01_000000_create_users_table.php
1746117735|AnaWk|A|/database/migrations/0001_01_01_000001_create_cache_table.php
1746117735|AnaWk|A|/database/migrations/0001_01_01_000002_create_jobs_table.php
1746117735|AnaWk|A|/database/seeders/DatabaseSeeder.php
1746117735|AnaWk|A|/package.json
1746117735|AnaWk|A|/phpunit.xml
1746117735|AnaWk|A|/public/.htaccess
1746117735|AnaWk|A|/public/favicon.ico
1746117735|AnaWk|A|/public/index.php
1746117735|AnaWk|A|/public/robots.txt
1746117735|AnaWk|A|/resources/css/app.css
1746117735|AnaWk|A|/resources/js/app.js
1746117735|AnaWk|A|/resources/js/bootstrap.js
1746117735|AnaWk|A|/resources/views/welcome.blade.php
1746117735|AnaWk|A|/routes/console.php
1746117735|AnaWk|A|/routes/web.php
1746117735|AnaWk|A|/storage/app/.gitignore
1746117735|AnaWk|A|/storage/app/private/.gitignore
1746117735|AnaWk|A|/storage/app/public/.gitignore
1746117735|AnaWk|A|/storage/framework/.gitignore
1746117735|AnaWk|A|/storage/framework/cache/.gitignore
1746117735|AnaWk|A|/storage/framework/cache/data/.gitignore
1746117735|AnaWk|A|/storage/framework/sessions/.gitignore
1746117735|AnaWk|A|/storage/framework/testing/.gitignore
1746117735|AnaWk|A|/storage/framework/views/.gitignore
1746117735|AnaWk|A|/storage/logs/.gitignore
1746117735|AnaWk|A|/tests/Feature/ExampleTest.php
1746117735|AnaWk|A|/tests/TestCase.php
1746117735|AnaWk|A|/tests/Unit/ExampleTest.php
1746117735|AnaWk|A|/vite.config.js
1746120552|AnaWk|M|/routes/web.php
1746121111|AnaWk|A|/railway.json
1746121231|AnaWk|M|/railway.json
1746121364|AnaWk|M|/railway.json
1746121553|AnaWk|M|/railway.json
1746121703|AnaWk|M|/railway.json
1747085517|AnaWk|A|/.gource/users/user1.jpg
1747085517|AnaWk|A|/gource.users.txt
1747181513|AnaWk|A|/app/Http/Controllers/AuthController.php
1747181513|AnaWk|M|/app/Models/User.php
1747181513|AnaWk|D|/gource.users.txt
1747181513|AnaWk|A|/resources/views/admin-dashboard.blade.php
1747181513|AnaWk|A|/resources/views/login.blade.php
1747181513|AnaWk|M|/routes/web.php
1747321046|jotec|D|/.env.example
1747321046|jotec|A|/resources/views/cadastro-produto.blade.php
1747321046|jotec|A|/resources/views/codigo-de-barras.blade.php
1747321046|jotec|A|/resources/views/dashboard.blade.php
1747321046|jotec|M|/routes/web.php
1747335267|Gabriellluna|A|/public/images/closedeye.png
1747335267|Gabriellluna|A|/public/images/logo.png
1747335267|Gabriellluna|A|/public/images/logo2.png
1747335267|Gabriellluna|A|/public/images/openeye.png
1747335267|Gabriellluna|M|/resources/views/cadastro-produto.blade.php
1747335267|Gabriellluna|M|/resources/views/dashboard.blade.php
1747335267|Gabriellluna|M|/resources/views/login.blade.php
1747335267|Gabriellluna|M|/routes/web.php
1747434609|Gabriellluna|A|/app/Http/Controllers/ProductController.php
1747434609|Gabriellluna|A|/app/Models/Product.php
1747434609|Gabriellluna|M|/composer.json
1747434609|Gabriellluna|M|/composer.lock
1747434609|Gabriellluna|A|/database/migrations/2025_05_16_135152_create_produtos_table.php
1747434609|Gabriellluna|A|/database/migrations/2025_05_16_155235_update_produtos_add_imagem_and_change_situacao.php
1747434609|Gabriellluna|A|/public/images/left-arrow.png
1747434609|Gabriellluna|M|/resources/views/cadastro-produto.blade.php
1747434609|Gabriellluna|M|/routes/web.php
1747445348|AnaWk|A|/app/Http/Controllers/EtiquetaController.php
1747445348|AnaWk|M|/composer.json
1747445348|AnaWk|M|/composer.lock
1747445348|AnaWk|A|/resources/views/cadastro-fornecedor.blade.php
1747445348|AnaWk|A|/resources/views/cadastro-funcionario.blade.php
1747445348|AnaWk|M|/resources/views/dashboard.blade.php
1747445348|AnaWk|A|/resources/views/etiquetas.blade.php
1747445348|AnaWk|M|/routes/web.php
1747490534|AnaWk|M|/resources/views/cadastro-fornecedor.blade.php
1747490534|AnaWk|M|/routes/web.php
1747493177|AnaWk|A|/app/Http/Controllers/AdminController.php
1747493177|AnaWk|A|/database/migrations/2025_05_17_141601_rename_cartao_seg_to_cartao_seguro_in_users_table.php
1747493177|AnaWk|A|/database/migrations/2025_05_17_141832_rename_cartao_seguro_to_cartao_seg_in_users_table.php
1747493177|AnaWk|D|/resources/views/admin-dashboard.blade.php
1747493177|AnaWk|A|/resources/views/admin/admin-dashboard.blade.php
1747493177|AnaWk|A|/resources/views/admin/gerar-cartao.blade.php
1747493177|AnaWk|M|/resources/views/login.blade.php
1747493177|AnaWk|M|/routes/web.php
1747525151|AnaWk|M|/resources/views/dashboard.blade.php
1747525151|AnaWk|M|/resources/views/etiquetas.blade.php
1747525151|AnaWk|A|/resources/views/lote/detalhamento.blade.php
1747525151|AnaWk|M|/routes/web.php
1747530676|AnaWk|M|/app/Http/Controllers/ProductController.php
1747530676|AnaWk|M|/resources/views/cadastro-produto.blade.php
1747530676|AnaWk|M|/resources/views/dashboard.blade.php
1747530676|AnaWk|A|/resources/views/products/edit.blade.php
1747530676|AnaWk|A|/resources/views/products/index.blade.php
1747530676|AnaWk|M|/routes/web.php
1747618314|Gabriellluna|A|/app/Http/Controllers/AddressController.php
1747618314|Gabriellluna|A|/app/Http/Controllers/SupplierController.php
1747618314|Gabriellluna|A|/app/Models/Address.php
1747618314|Gabriellluna|A|/app/Models/Supplier.php
1747618443|Gabriellluna|M|/resources/views/cadastro-fornecedor.blade.php
1747618443|Gabriellluna|M|/resources/views/cadastro-produto.blade.php
1747618443|Gabriellluna|M|/resources/views/products/index.blade.php
1747618443|Gabriellluna|M|/routes/web.php
1747689504|AnaWk|M|/app/Http/Controllers/ProductController.php
1747689504|AnaWk|A|/public/products/682b9ac4d8995.jpeg
1747689504|AnaWk|M|/resources/views/cadastro-produto.blade.php
1747689504|AnaWk|M|/resources/views/products/index.blade.php
1747689504|AnaWk|M|/routes/web.php
1747766072|Gabriellluna|M|/app/Http/Controllers/AddressController.php
1747766072|Gabriellluna|M|/app/Http/Controllers/SupplierController.php
1747766072|Gabriellluna|M|/app/Models/Supplier.php
1747766072|Gabriellluna|M|/resources/views/cadastro-fornecedor.blade.php
1747766072|Gabriellluna|M|/routes/web.php
1747869818|Gabriellluna|M|/app/Http/Controllers/ProductController.php
1747869818|Gabriellluna|M|/app/Http/Controllers/SupplierController.php
1747869818|Gabriellluna|M|/resources/views/cadastro-fornecedor.blade.php
1747874815|Gabriellluna|M|/app/Http/Controllers/ProductController.php
1747874815|Gabriellluna|M|/app/Http/Controllers/SupplierController.php
1747874815|Gabriellluna|M|/app/Models/Product.php
1747874815|Gabriellluna|M|/resources/views/cadastro-produto.blade.php
1747874815|Gabriellluna|M|/resources/views/dashboard.blade.php
1747874815|Gabriellluna|M|/routes/web.php
1747874864|Gabriellluna|A|/public/products/682e5d65264d9.png
1747874864|Gabriellluna|M|/resources/views/products/edit.blade.php
1747874864|Gabriellluna|M|/resources/views/products/index.blade.php
1747874864|Gabriellluna|A|/resources/views/suppliers/edit.blade.php
1747874864|Gabriellluna|A|/resources/views/suppliers/index.blade.php
1748007318|Gabriellluna|M|/app/Http/Controllers/SupplierController.php
1748007318|Gabriellluna|M|/resources/views/products/index.blade.php
1748007318|Gabriellluna|M|/resources/views/suppliers/index.blade.php
1748007318|Gabriellluna|M|/routes/web.php
1748025824|Gabriellluna|M|/resources/views/suppliers/index.blade.php
1748025904|Gabriellluna|M|/app/Http/Controllers/SupplierController.php
1748025904|Gabriellluna|A|/public/products/68307a783420f.png
1748025904|Gabriellluna|M|/resources/views/cadastro-fornecedor.blade.php
1748025904|Gabriellluna|M|/resources/views/suppliers/edit.blade.php
1748286091|GustavoEmiliano|A|/public/images/favicon-dark.png
1748286091|GustavoEmiliano|A|/public/images/favicon-light.png
1748286091|GustavoEmiliano|M|/resources/views/admin/admin-dashboard.blade.php
1748286091|GustavoEmiliano|M|/resources/views/admin/gerar-cartao.blade.php
1748286091|GustavoEmiliano|M|/resources/views/cadastro-fornecedor.blade.php
1748286091|GustavoEmiliano|M|/resources/views/cadastro-funcionario.blade.php
1748286091|GustavoEmiliano|M|/resources/views/cadastro-produto.blade.php
1748286091|GustavoEmiliano|M|/resources/views/codigo-de-barras.blade.php
1748286091|GustavoEmiliano|M|/resources/views/dashboard.blade.php
1748286091|GustavoEmiliano|M|/resources/views/etiquetas.blade.php
1748286091|GustavoEmiliano|M|/resources/views/login.blade.php
1748286091|GustavoEmiliano|M|/resources/views/products/edit.blade.php
1748286091|GustavoEmiliano|M|/resources/views/products/index.blade.php
1748372841|Gabriellluna|M|/resources/views/codigo-de-barras.blade.php
1748372841|Gabriellluna|M|/routes/web.php
1748375692|GustavoEmiliano|M|/resources/views/products/index.blade.php
1748540696|Gabriellluna|M|/app/Http/Controllers/AddressController.php
1748540696|Gabriellluna|M|/app/Http/Controllers/SupplierController.php
1748540696|Gabriellluna|M|/app/Models/Address.php
1748540696|Gabriellluna|M|/app/Models/Supplier.php
1748540696|Gabriellluna|M|/resources/views/cadastro-fornecedor.blade.php
1748540696|Gabriellluna|M|/resources/views/suppliers/edit.blade.php
1748540696|Gabriellluna|M|/resources/views/suppliers/index.blade.php
1748558659|AnaWk|M|/app/Http/Controllers/EtiquetaController.php
1748558659|AnaWk|A|/render.yaml
1748558659|AnaWk|M|/resources/views/dashboard.blade.php
1748558659|AnaWk|A|/resources/views/inputs/input.blade.php
1748561406|AnaWk|A|/Dockerfile
1748561406|AnaWk|M|/render.yaml
1748561858|AnaWk|M|/Dockerfile
1748562012|AnaWk|M|/Dockerfile
1748562388|AnaWk|M|/composer.json
1748562673|AnaWk|M|/Dockerfile
1748562673|AnaWk|M|/render.yaml
1748563013|Felipe Witkowsky|A|/resources/views/entrada-saida.blade.php
1748799869|Felipe Witkowsky|A|/package-lock.json
1748799869|Felipe Witkowsky|M|/resources/views/cadastro-funcionario.blade.php
1748799869|Felipe Witkowsky|M|/resources/views/dashboard.blade.php
1748799869|Felipe Witkowsky|A|/resources/views/layouts/app.blade.php
1748809166|Felipe Witkowsky|M|/resources/views/layouts/app.blade.php
1748878963|AnaWk|A|/gource/captions.txt
1748878963|AnaWk|A|/gource/imagens/Ana Maria.jpeg
1748878963|AnaWk|A|/gource/imagens/Felipe.jpeg
1748878963|AnaWk|A|/gource/imagens/Gabriel.jpeg
1748878963|AnaWk|A|/gource/imagens/Gustavo.jpeg
1748878963|AnaWk|A|/gource/log_formatado.txt
1748878963|AnaWk|A|/gource/users.txt
1748891489|Gabriellluna|M|/app/Http/Controllers/SupplierController.php
1748891489|Gabriellluna|M|/resources/views/suppliers/edit.blade.php
1750559048|Felipe Witkowsky|M|/resources/views/dashboard.blade.php
1750559048|Felipe Witkowsky|M|/resources/views/layouts/app.blade.php
1750559048|Felipe Witkowsky|A|/resources/views/layouts/css-variables.blade.php
1750734228|Felipe Witkowsky|M|/resources/views/cadastro-fornecedor.blade.php
1750734228|Felipe Witkowsky|M|/resources/views/cadastro-funcionario.blade.php
1750734228|Felipe Witkowsky|M|/resources/views/cadastro-produto.blade.php
1750734228|Felipe Witkowsky|M|/resources/views/codigo-de-barras.blade.php
1750734228|Felipe Witkowsky|M|/resources/views/dashboard.blade.php
1750734228|Felipe Witkowsky|M|/resources/views/entrada-saida.blade.php
1750734228|Felipe Witkowsky|M|/resources/views/etiquetas.blade.php
1750734228|Felipe Witkowsky|M|/resources/views/layouts/app.blade.php
1750734228|Felipe Witkowsky|M|/resources/views/layouts/css-variables.blade.php
1750734228|Felipe Witkowsky|M|/resources/views/login.blade.php
1750774864|Felipe Witkowsky|M|/resources/views/dashboard.blade.php
1751760969|Felipe Witkowsky|M|/resources/views/dashboard.blade.php
1751760969|Felipe Witkowsky|M|/resources/views/entrada-saida.blade.php
1751760969|Felipe Witkowsky|M|/resources/views/layouts/app.blade.php
1751760969|Felipe Witkowsky|M|/resources/views/layouts/css-variables.blade.php
1751760969|Felipe Witkowsky|M|/routes/web.php
1751767154|Felipe Witkowsky|M|/resources/views/dashboard.blade.php
1751767154|Felipe Witkowsky|M|/resources/views/layouts/css-variables.blade.php
1751913434|Isabela Crestane|A|/app/Http/Middleware/SetLocale.php
1751913434|Isabela Crestane|M|/bootstrap/app.php
1751913434|Isabela Crestane|M|/config/app.php
1751913434|Isabela Crestane|A|/public/images/brazil.png
1751913434|Isabela Crestane|A|/public/images/us.png
1751913434|Isabela Crestane|A|/public/products/683e24d4132dc.jpg
1751913434|Isabela Crestane|A|/resources/lang/en/dashboard.php
1751913434|Isabela Crestane|A|/resources/lang/en/menu.php
1751913434|Isabela Crestane|A|/resources/lang/pt_BR/dashboard.php
1751913434|Isabela Crestane|A|/resources/lang/pt_BR/menu.php
1751913434|Isabela Crestane|M|/resources/views/cadastro-funcionario.blade.php
1751913434|Isabela Crestane|M|/resources/views/dashboard.blade.php
1751913434|Isabela Crestane|M|/resources/views/layouts/app.blade.php
1751913434|Isabela Crestane|M|/routes/web.php
1751934662|AnaWk|A|/app/Http/Controllers/MovementController.php
1751934662|AnaWk|A|/app/Models/Movement.php
1751934662|AnaWk|A|/database/migrations/2025_05_31_172950_create_movements_table.php
1751934662|AnaWk|A|/gource/log.txt
1751934662|AnaWk|D|/gource/log_formatado.txt
1751985879|brendagiron|M|/resources/views/cadastro-funcionario.blade.php
1751985879|brendagiron|M|/resources/views/layouts/app.blade.php
1751985879|brendagiron|M|/resources/views/products/index.blade.php
1751985879|brendagiron|M|/resources/views/suppliers/index.blade.php
1751986894|brendagiron|M|/resources/views/lote/detalhamento.blade.php
1751989250|brendagiron|M|/resources/views/etiquetas.blade.php
1752005756|Felipe Witkowsky|M|/resources/views/layouts/app.blade.php
1752323957|GustavoEmiliano|M|/package-lock.json
1752323957|GustavoEmiliano|M|/resources/views/login.blade.php
1752324221|GustavoEmiliano|A|/public/css/Login.css
1752324221|GustavoEmiliano|M|/resources/views/login.blade.php
1752324538|GustavoEmiliano|A|/public/js/Login.js
1752324786|GustavoEmiliano|M|/public/js/Login.js
1752325383|GustavoEmiliano|M|/public/js/Login.js
1752325495|GustavoEmiliano|M|/public/js/Login.js
1752333130|GustavoEmiliano|M|/.gitignore
1752333130|GustavoEmiliano|M|/composer.lock
1752333130|GustavoEmiliano|M|/public/css/Login.css
1752333130|GustavoEmiliano|A|/resources/views/layouts/carregamento.blade.php
1752333130|GustavoEmiliano|M|/resources/views/login.blade.php
1752334661|GustavoEmiliano|M|/resources/views/layouts/app.blade.php
1752334661|GustavoEmiliano|M|/resources/views/login.blade.php
1752340482|AnaWk|M|/app/Http/Controllers/ProductController.php
1752340482|AnaWk|A|/app/Models/SupplierOrder.php
1752340482|AnaWk|D|/database/migrations/2025_05_31_172950_create_movements_table.php
1752340482|AnaWk|A|/database/migrations/2025_05_31_172950_create_movements_table.php.bkp
1752340482|AnaWk|A|/database/migrations/2025_07_12_153708_create_supplier_orders_table.php
1752340482|AnaWk|M|/resources/views/layouts/app.blade.php
1752340482|AnaWk|A|/resources/views/products/estoque-baixo.blade.php
1752340482|AnaWk|M|/routes/web.php
1752341326|GustavoEmiliano|A|/public/css/app.css
1752341326|GustavoEmiliano|A|/public/css/cadastro-fornecedor.css
1752341326|GustavoEmiliano|A|/public/css/cadastro-funcionario.css
1752341326|GustavoEmiliano|A|/public/css/cadastro-produto.css
1752341326|GustavoEmiliano|A|/public/css/dashboard.css
1752341326|GustavoEmiliano|A|/public/css/entrada-saida.css
1752341326|GustavoEmiliano|A|/public/css/etiquetas.css
1752341326|GustavoEmiliano|A|/public/js/app.js
1752341326|GustavoEmiliano|A|/public/js/cadastro-fornecedor.js
1752341326|GustavoEmiliano|A|/public/js/cadastro-funcionario.js
1752341326|GustavoEmiliano|A|/public/js/cadastro-produto.js
1752341326|GustavoEmiliano|A|/public/js/codigo-de-barras.js
1752341326|GustavoEmiliano|A|/public/js/dashboard.js
1752341326|GustavoEmiliano|A|/public/js/entrada-saida.js
1752341326|GustavoEmiliano|M|/resources/views/cadastro-fornecedor.blade.php
1752341326|GustavoEmiliano|M|/resources/views/cadastro-funcionario.blade.php
1752341326|GustavoEmiliano|M|/resources/views/cadastro-produto.blade.php
1752341326|GustavoEmiliano|M|/resources/views/codigo-de-barras.blade.php
1752341326|GustavoEmiliano|M|/resources/views/dashboard.blade.php
1752341326|GustavoEmiliano|M|/resources/views/entrada-saida.blade.php
1752341326|GustavoEmiliano|M|/resources/views/etiquetas.blade.php
1752341326|GustavoEmiliano|M|/resources/views/layouts/app.blade.php
1752341326|GustavoEmiliano|M|/resources/views/login.blade.php
1752343655|AnaWk|A|/app/Http/Controllers/SupplierOrderController.php
1752343655|AnaWk|M|/app/Models/SupplierOrder.php
1752343655|AnaWk|A|/resources/views/orders/index.blade.php
1752343655|AnaWk|M|/resources/views/products/estoque-baixo.blade.php
1752343655|AnaWk|M|/routes/web.php
1752346646|AnaWk|M|/app/Http/Controllers/ProductController.php
1752346646|AnaWk|A|/app/Mail/PedidoReposicaoMail.php
1752346646|AnaWk|A|/resources/views/emails/pedido-reposicao.blade.php
1752346646|AnaWk|M|/resources/views/layouts/app.blade.php
1752346646|AnaWk|M|/resources/views/products/estoque-baixo.blade.php
1752348730|GustavoEmiliano|M|/app/Http/Controllers/AuthController.php
1752348730|GustavoEmiliano|M|/public/css/app.css
1752348730|GustavoEmiliano|M|/resources/views/layouts/app.blade.php
1752348730|GustavoEmiliano|M|/routes/web.php
1752350517|AnaWk|M|/app/Http/Controllers/ProductController.php
1752350517|AnaWk|M|/app/Http/Controllers/SupplierOrderController.php
1752424015|brendagiron|M|/resources/views/products/estoque-baixo.blade.php
1752427272|brendagiron|M|/resources/views/orders/index.blade.php
1752427272|brendagiron|M|/resources/views/products/estoque-baixo.blade.php
1752429036|brendagiron|M|/resources/views/admin/admin-dashboard.blade.php
1752429244|Felipe Witkowsky|M|/public/css/entrada-saida.css
1752429244|Felipe Witkowsky|M|/resources/views/entrada-saida.blade.php
1752429244|Felipe Witkowsky|M|/resources/views/layouts/app.blade.php
1752429244|Felipe Witkowsky|M|/routes/web.php
1752429690|brendagiron|M|/resources/views/admin/gerar-cartao.blade.php
1752433450|Gabriellluna|M|/app/Http/Controllers/MovementController.php
1752433450|Gabriellluna|M|/resources/views/entrada-saida.blade.php
1752433450|Gabriellluna|M|/resources/views/products/index.blade.php
1752433450|Gabriellluna|M|/resources/views/suppliers/index.blade.php
1752433645|Gabriellluna|M|/.gitignore
1752433645|Gabriellluna|M|/app/Http/Controllers/AuthController.php
1752433645|Gabriellluna|M|/app/Http/Controllers/ProductController.php
1752433645|Gabriellluna|A|/app/Http/Controllers/SupplierOrderController.php
1752433645|Gabriellluna|A|/app/Mail/PedidoReposicaoMail.php
1752433645|Gabriellluna|A|/app/Models/SupplierOrder.php
1752433645|Gabriellluna|M|/composer.lock
1752433645|Gabriellluna|D|/database/migrations/2025_05_31_172950_create_movements_table.php
1752433645|Gabriellluna|A|/database/migrations/2025_05_31_172950_create_movements_table.php.bkp
1752433645|Gabriellluna|A|/database/migrations/2025_07_12_153708_create_supplier_orders_table.php
1752433645|Gabriellluna|M|/package-lock.json
1752433645|Gabriellluna|A|/public/css/Login.css
1752433645|Gabriellluna|A|/public/css/app.css
1752433645|Gabriellluna|A|/public/css/cadastro-fornecedor.css
1752433645|Gabriellluna|A|/public/css/cadastro-funcionario.css
1752433645|Gabriellluna|A|/public/css/cadastro-produto.css
1752433645|Gabriellluna|A|/public/css/dashboard.css
1752433645|Gabriellluna|A|/public/css/entrada-saida.css
1752433645|Gabriellluna|A|/public/css/etiquetas.css
1752433645|Gabriellluna|A|/public/js/Login.js
1752433645|Gabriellluna|A|/public/js/app.js
1752433645|Gabriellluna|A|/public/js/cadastro-fornecedor.js
1752433645|Gabriellluna|A|/public/js/cadastro-funcionario.js
1752433645|Gabriellluna|A|/public/js/cadastro-produto.js
1752433645|Gabriellluna|A|/public/js/codigo-de-barras.js
1752433645|Gabriellluna|A|/public/js/dashboard.js
1752433645|Gabriellluna|A|/public/js/entrada-saida.js
1752433645|Gabriellluna|M|/resources/views/admin/admin-dashboard.blade.php
1752433645|Gabriellluna|M|/resources/views/admin/gerar-cartao.blade.php
1752433645|Gabriellluna|M|/resources/views/cadastro-fornecedor.blade.php
1752433645|Gabriellluna|M|/resources/views/cadastro-funcionario.blade.php
1752433645|Gabriellluna|M|/resources/views/cadastro-produto.blade.php
1752433645|Gabriellluna|M|/resources/views/codigo-de-barras.blade.php
1752433645|Gabriellluna|M|/resources/views/dashboard.blade.php
1752433645|Gabriellluna|A|/resources/views/emails/pedido-reposicao.blade.php
1752433645|Gabriellluna|M|/resources/views/entrada-saida.blade.php
1752433645|Gabriellluna|M|/resources/views/etiquetas.blade.php
1752433645|Gabriellluna|M|/resources/views/layouts/app.blade.php
1752433645|Gabriellluna|A|/resources/views/layouts/carregamento.blade.php
1752433645|Gabriellluna|M|/resources/views/login.blade.php
1752433645|Gabriellluna|A|/resources/views/orders/index.blade.php
1752433645|Gabriellluna|A|/resources/views/products/estoque-baixo.blade.php
1752433645|Gabriellluna|M|/routes/web.php
1752434181|brendagiron|M|/resources/views/suppliers/index.blade.php
1752435026|AnaWk|A|/app/Http/Controllers/CompanyController.php
1752435026|AnaWk|A|/app/Models/Company.php
1752435026|AnaWk|A|/public/js/empresa.js
1752435026|AnaWk|M|/resources/views/admin/admin-dashboard.blade.php
1752435026|AnaWk|A|/resources/views/companies/create.blade.php
1752435026|AnaWk|A|/resources/views/companies/index.blade.php
1752435026|AnaWk|M|/routes/web.php
1752435450|Gabriellluna|M|/app/Http/Controllers/MovementController.php
1752435450|Gabriellluna|A|/public/products/687409747bc21.png
1752435450|Gabriellluna|M|/resources/views/entrada-saida.blade.php
1752435450|Gabriellluna|M|/routes/web.php
1752435545|Gabriellluna|M|/routes/web.php
1752435614|Gabriellluna|M|/routes/web.php
1752436374|brendagiron|M|/resources/views/cadastro-fornecedor.blade.php
1752437812|Gabriellluna|M|/app/Http/Controllers/MovementController.php
1752437812|Gabriellluna|M|/resources/views/entrada-saida.blade.php
1752437812|Gabriellluna|M|/routes/web.php
1752442904|Gabriellluna|M|/app/Http/Controllers/MovementController.php
1752442904|Gabriellluna|M|/resources/views/entrada-saida.blade.php
1752442904|Gabriellluna|M|/routes/web.php
1752448080|Felipe Witkowsky|M|/app/Http/Controllers/MovementController.php
1752448080|Felipe Witkowsky|M|/public/css/entrada-saida.css
1752448080|Felipe Witkowsky|M|/resources/views/entrada-saida.blade.php
1752448080|Felipe Witkowsky|M|/resources/views/layouts/app.blade.php
1752448080|Felipe Witkowsky|M|/routes/web.php
1752451558|Felipe Witkowsky|M|/app/Http/Controllers/ProductController.php
1752451558|Felipe Witkowsky|A|/public/products/6874410f96fcc.jpg
1752451558|Felipe Witkowsky|A|/public/products/687442f597c7c.jpg
1752451558|Felipe Witkowsky|M|/resources/views/cadastro-produto.blade.php
1752451687|AnaWk|M|/resources/views/layouts/app.blade.php
1752452965|Felipe Witkowsky|M|/app/Http/Controllers/MovementController.php
1752452965|Felipe Witkowsky|M|/app/Http/Controllers/ProductController.php
1752452965|Felipe Witkowsky|A|/public/products/68744ee7930ff.jpg
1752452965|Felipe Witkowsky|M|/resources/views/cadastro-produto.blade.php
1752452965|Felipe Witkowsky|M|/resources/views/entrada-saida.blade.php
1752452965|Felipe Witkowsky|D|/resources/views/products/edit.blade.php
1752452965|Felipe Witkowsky|M|/resources/views/products/index.blade.php
1752454251|Isabela Crestane|A|/resources/lang/en/products.php
1752454251|Isabela Crestane|A|/resources/lang/en/stock_movement.php
1752454251|Isabela Crestane|A|/resources/lang/pt_BR/products.php
1752454251|Isabela Crestane|A|/resources/lang/pt_BR/stock_movement.php
1752454251|Isabela Crestane|M|/resources/views/entrada-saida.blade.php
1752454251|Isabela Crestane|M|/resources/views/products/index.blade.php
1752455361|brendagiron|M|/resources/views/cadastro-funcionario.blade.php
1752455361|brendagiron|M|/resources/views/suppliers/index.blade.php
1752455780|brendagiron|M|/resources/views/suppliers/edit.blade.php
1752456441|AnaWk|A|/app/Http/Controllers/ContatoController.php
1752456441|AnaWk|M|/resources/views/login.blade.php
1752456441|AnaWk|M|/routes/web.php
1752457065|brendagiron|M|/resources/views/products/index.blade.php
1752457166|Felipe Witkowsky|M|/app/Http/Controllers/AdminController.php
1752457166|Felipe Witkowsky|M|/public/css/dashboard.css
1752457166|Felipe Witkowsky|M|/resources/views/dashboard.blade.php
1752457166|Felipe Witkowsky|M|/routes/web.php
1752458364|brendagiron|M|/resources/views/cadastro-produto.blade.php
1752461291|Felipe Witkowsky|M|/app/Http/Controllers/AdminController.php
1752461291|Felipe Witkowsky|A|/public/products/687463f90b433.jpg
1752461291|Felipe Witkowsky|A|/public/products/6874642ac9b03.jpg
1752461291|Felipe Witkowsky|A|/public/products/6874644bd3b55.jpg
1752461291|Felipe Witkowsky|M|/resources/views/cadastro-produto.blade.php
1752461291|Felipe Witkowsky|M|/resources/views/dashboard.blade.php
1752461291|Felipe Witkowsky|M|/resources/views/products/index.blade.php
1752504685|Felipe Witkowsky|M|/resources/views/dashboard.blade.php
1752506883|AnaWk|M|/gource/captions.txt
1752506883|AnaWk|M|/gource/log.txt
1752506883|AnaWk|M|/resources/views/admin/admin-dashboard.blade.php
1752506883|AnaWk|M|/routes/web.php
1752508835|Gabriellluna|M|/app/Http/Controllers/MovementController.php
1752508835|Gabriellluna|M|/public/css/entrada-saida.css
1752508835|Gabriellluna|M|/resources/views/entrada-saida.blade.php
1752509876|Isabela Crestane|M|/config/app.php
1752509876|Isabela Crestane|M|/resources/lang/en/dashboard.php
1752509876|Isabela Crestane|M|/resources/lang/pt_BR/dashboard.php
1752509876|Isabela Crestane|M|/resources/views/dashboard.blade.php
1752509876|Isabela Crestane|M|/resources/views/products/index.blade.php
1752510170|brendagiron|M|/resources/views/etiquetas.blade.php
1752510170|brendagiron|M|/resources/views/lote/detalhamento.blade.php
1752512395|Gabriellluna|M|/app/Models/Product.php
1752512395|Gabriellluna|A|/public/products/68752d5d16954.png
1752512395|Gabriellluna|M|/resources/views/cadastro-produto.blade.php
1752513390|Gabriellluna|M|/resources/views/dashboard.blade.php
1752514460|brendagiron|M|/resources/views/companies/create.blade.php
1752514460|brendagiron|M|/resources/views/companies/index.blade.php
1752514603|Gabriellluna|A|/public/products/68753eebe8740.png
1752521946|Felipe Witkowsky|M|/public/css/app.css
1752521946|Felipe Witkowsky|M|/resources/views/cadastro-fornecedor.blade.php
1752521946|Felipe Witkowsky|M|/resources/views/cadastro-funcionario.blade.php
1752521946|Felipe Witkowsky|M|/resources/views/cadastro-produto.blade.php
1752521946|Felipe Witkowsky|M|/resources/views/etiquetas.blade.php
1752521946|Felipe Witkowsky|M|/resources/views/layouts/css-variables.blade.php
1752521946|Felipe Witkowsky|M|/resources/views/products/index.blade.php
1752523138|Felipe Witkowsky|M|/resources/views/cadastro-produto.blade.php
1752523375|brendagiron|M|/resources/views/dashboard.blade.php
1752524451|Felipe Witkowsky|M|/resources/views/cadastro-produto.blade.php
1752524451|Felipe Witkowsky|M|/resources/views/products/index.blade.php


1752581104|Felipe Witkowsky|M|/app/Http/Controllers/ProductController.php
1752581104|Felipe Witkowsky|M|/composer.json
1752581104|Felipe Witkowsky|M|/composer.lock
1752581104|Felipe Witkowsky|D|/public/products/682e5d65264d9.png
1752581104|Felipe Witkowsky|A|/public/products/68763b6054663.jpg
1752581104|Felipe Witkowsky|A|/public/products/68763bcc84047.jpg
1752581104|Felipe Witkowsky|A|/public/products/68763c424ea03.jpg
1752581104|Felipe Witkowsky|A|/public/products/68763c6a6fe8d.jpg
1752581104|Felipe Witkowsky|A|/public/products/68763eed9a127.jpg
1752581104|Felipe Witkowsky|M|/resources/views/cadastro-produto.blade.php
1752581104|Felipe Witkowsky|M|/resources/views/products/estoque-baixo.blade.php
1752581104|Felipe Witkowsky|M|/resources/views/products/index.blade.php
1752581104|Felipe Witkowsky|M|/routes/web.php
1752582292|Felipe Witkowsky|M|/app/Http/Controllers/MovementController.php
1752582292|Felipe Witkowsky|M|/resources/views/entrada-saida.blade.php
1752591251|Felipe Witkowsky|M|/app/Http/Controllers/ProductController.php
1752591251|Felipe Witkowsky|D|/public/products/68763eed9a127.jpg
1752591251|Felipe Witkowsky|M|/resources/views/cadastro-produto.blade.php
1752591251|Felipe Witkowsky|M|/resources/views/products/index.blade.php
1752591251|Felipe Witkowsky|M|/routes/web.php
1752596936|Felipe Witkowsky|M|/app/Http/Controllers/ProductController.php
1752596936|Felipe Witkowsky|M|/resources/views/entrada-saida.blade.php
1752627971|Felipe Witkowsky|M|/resources/views/cadastro-fornecedor.blade.php
1752627971|Felipe Witkowsky|M|/resources/views/cadastro-funcionario.blade.php
1752627971|Felipe Witkowsky|M|/resources/views/cadastro-produto.blade.php
1752627971|Felipe Witkowsky|M|/resources/views/codigo-de-barras.blade.php
1752627971|Felipe Witkowsky|M|/resources/views/companies/create.blade.php
1752627971|Felipe Witkowsky|M|/resources/views/companies/index.blade.php
1752627971|Felipe Witkowsky|A|/resources/views/components/btn-cancelar.blade.php
1752627971|Felipe Witkowsky|A|/resources/views/components/btn-mais.blade.php
1752627971|Felipe Witkowsky|A|/resources/views/components/btn-salvar.blade.php
1752627971|Felipe Witkowsky|A|/resources/views/components/btn-tres-pontos.blade.php
1752627971|Felipe Witkowsky|A|/resources/views/components/btn-voltar.blade.php
1752627971|Felipe Witkowsky|M|/resources/views/entrada-saida.blade.php
1752627971|Felipe Witkowsky|M|/resources/views/layouts/app.blade.php
1752627971|Felipe Witkowsky|M|/resources/views/lote/detalhamento.blade.php
1752627971|Felipe Witkowsky|M|/resources/views/products/index.blade.php
1752627971|Felipe Witkowsky|M|/resources/views/suppliers/edit.blade.php
1752627971|Felipe Witkowsky|M|/resources/views/suppliers/index.blade.php
1752627971|Felipe Witkowsky|M|/routes/web.php
1752758021|Felipe Witkowsky|M|/resources/views/cadastro-fornecedor.blade.php
1752758021|Felipe Witkowsky|M|/resources/views/cadastro-funcionario.blade.php
1752758021|Felipe Witkowsky|M|/resources/views/cadastro-produto.blade.php
1752758021|Felipe Witkowsky|M|/resources/views/companies/create.blade.php
1752758021|Felipe Witkowsky|M|/resources/views/companies/index.blade.php
1752758021|Felipe Witkowsky|A|/resources/views/components/search-bar.blade.php
1752758021|Felipe Witkowsky|M|/resources/views/entrada-saida.blade.php
1752758021|Felipe Witkowsky|M|/resources/views/etiquetas.blade.php
1752758021|Felipe Witkowsky|M|/resources/views/layouts/carregamento.blade.php
1752758021|Felipe Witkowsky|M|/resources/views/layouts/css-variables.blade.php
1752758021|Felipe Witkowsky|M|/resources/views/lote/detalhamento.blade.php
1752758021|Felipe Witkowsky|M|/resources/views/orders/index.blade.php
1752758021|Felipe Witkowsky|M|/resources/views/products/index.blade.php
1752758021|Felipe Witkowsky|M|/resources/views/suppliers/edit.blade.php
1752758021|Felipe Witkowsky|M|/resources/views/suppliers/index.blade.php
1752796850|Felipe Witkowsky|M|/app/Http/Controllers/AdminController.php
1752796850|Felipe Witkowsky|M|/app/Http/Controllers/ProductController.php
1752796850|Felipe Witkowsky|M|/app/Http/Controllers/SupplierController.php
1752796850|Felipe Witkowsky|A|/resources/views/components/paginacao.blade.php
1752796850|Felipe Witkowsky|M|/resources/views/dashboard.blade.php
1752796850|Felipe Witkowsky|M|/resources/views/products/estoque-baixo.blade.php
1752796850|Felipe Witkowsky|M|/resources/views/products/index.blade.php
1752796850|Felipe Witkowsky|M|/resources/views/suppliers/index.blade.php
1754954364|Felipe Witkowsky|M|/app/Http/Controllers/AdminController.php
1754954364|Felipe Witkowsky|M|/app/Http/Controllers/ProductController.php
1754954364|Felipe Witkowsky|M|/resources/views/components/paginacao.blade.php
1754954364|Felipe Witkowsky|M|/resources/views/layouts/app.blade.php
1755204344|dependabot[bot]|M|/package-lock.json
1755259477|AnaWk|A|/app/Helpers/CloudinaryHelper.php
1755259477|AnaWk|M|/app/Http/Controllers/ProductController.php
1755259477|AnaWk|M|/composer.json
1755259477|AnaWk|M|/composer.lock
1755259477|AnaWk|M|/config/app.php
1755259477|AnaWk|A|/config/cloudinary.php
1755259477|AnaWk|D|/public/products/682b9ac4d8995.jpeg
1755259477|AnaWk|D|/public/products/68307a783420f.png
1755259477|AnaWk|D|/public/products/683e24d4132dc.jpg
1755259477|AnaWk|D|/public/products/687409747bc21.png
1755259477|AnaWk|D|/public/products/6874410f96fcc.jpg
1755259477|AnaWk|D|/public/products/687442f597c7c.jpg
1755259477|AnaWk|D|/public/products/68744ee7930ff.jpg
1755259477|AnaWk|D|/public/products/687463f90b433.jpg
1755259477|AnaWk|D|/public/products/6874642ac9b03.jpg
1755259477|AnaWk|D|/public/products/6874644bd3b55.jpg
1755259477|AnaWk|D|/public/products/68752d5d16954.png
1755259477|AnaWk|D|/public/products/68753eebe8740.png
1755259477|AnaWk|D|/public/products/68763b6054663.jpg
1755259477|AnaWk|D|/public/products/68763bcc84047.jpg
1755259477|AnaWk|D|/public/products/68763c424ea03.jpg
1755259477|AnaWk|D|/public/products/68763c6a6fe8d.jpg
1755259477|AnaWk|M|/resources/views/dashboard.blade.php
1755259477|AnaWk|M|/resources/views/products/index.blade.php
1755272037|AnaWk|M|/routes/web.php
1755274864|AnaWk|M|/app/Http/Controllers/ProductController.php
1755274864|AnaWk|M|/resources/views/cadastro-produto.blade.php
1755276549|AnaWk|M|/app/Http/Controllers/AuthController.php
1755276549|AnaWk|M|/resources/views/layouts/app.blade.php
1755276549|AnaWk|M|/routes/web.php
1755277027|AnaWk|M|/resources/views/layouts/app.blade.php
1755278889|AnaWk|M|/resources/views/dashboard.blade.php
1755303636|AnaWk|M|/app/Http/Controllers/ProductController.php
1755303636|AnaWk|M|/resources/views/products/index.blade.php
1755303636|AnaWk|M|/resources/views/suppliers/index.blade.php
1755304579|AnaWk|M|/resources/views/cadastro-produto.blade.php
1755377186|AnaWk|A|/app/Http/Controllers/SaleController.php
1755377186|AnaWk|A|/app/Models/Sale.php
1755377186|AnaWk|A|/app/Models/SaleItem.php
1755377186|AnaWk|M|/resources/views/layouts/app.blade.php
1755377186|AnaWk|A|/resources/views/sales/create.blade.php
1755377186|AnaWk|M|/routes/web.php
1755379989|AnaWk|M|/app/Http/Controllers/ProductController.php
1755381321|Felipe Witkowsky|M|/resources/views/layouts/app.blade.php
1755381321|Felipe Witkowsky|M|/resources/views/sales/create.blade.php
1755393146|AnaWk|M|/resources/views/dashboard.blade.php
1755394748|AnaWk|M|/app/Http/Controllers/ProductController.php
1755394748|AnaWk|M|/resources/views/products/estoque-baixo.blade.php
1755462459|Felipe Witkowsky|M|/app/Http/Controllers/SaleController.php
1755462459|Felipe Witkowsky|M|/public/js/dashboard.js
1755462459|Felipe Witkowsky|M|/resources/views/sales/create.blade.php
1755469994|Gabriellluna|A|/app/Http/Controllers/BatchController.php
1755469994|Gabriellluna|A|/app/Models/Batch.php
1755469994|Gabriellluna|M|/app/Models/Product.php
1755469994|Gabriellluna|M|/routes/web.php
1755476095|Gabriellluna|M|/app/Http/Controllers/BatchController.php
1755476095|Gabriellluna|M|/resources/views/cadastro-produto.blade.php
1755476095|Gabriellluna|M|/resources/views/entrada-saida.blade.php
1755478621|brendagiron|M|/resources/views/etiquetas.blade.php
1755478977|brendagiron|M|/resources/views/companies/index.blade.php
1755480156|Gabriellluna|M|/app/Http/Controllers/MovementController.php
1755480156|Gabriellluna|M|/resources/views/entrada-saida.blade.php
1755482691|Felipe Witkowsky|M|/app/Http/Controllers/MovementController.php
1755482691|Felipe Witkowsky|M|/public/css/entrada-saida.css
1755482691|Felipe Witkowsky|M|/resources/views/components/paginacao.blade.php
1755482691|Felipe Witkowsky|M|/resources/views/entrada-saida.blade.php
1755482691|Felipe Witkowsky|M|/resources/views/sales/create.blade.php
1755485338|Isabela Crestane|A|/public/images/logologin.png
1755485338|Isabela Crestane|A|/resources/lang/en/labels.php
1755485338|Isabela Crestane|A|/resources/lang/en/lots.php
1755485338|Isabela Crestane|A|/resources/lang/en/lowstock.php
1755485338|Isabela Crestane|A|/resources/lang/en/order.php
1755485338|Isabela Crestane|A|/resources/lang/en/pos.php
1755485338|Isabela Crestane|A|/resources/lang/en/suppliers.php
1755485338|Isabela Crestane|A|/resources/lang/en/suppliersregister.php
1755485338|Isabela Crestane|A|/resources/lang/pt_BR/labels.php
1755485338|Isabela Crestane|A|/resources/lang/pt_BR/lots.php
1755485338|Isabela Crestane|A|/resources/lang/pt_BR/lowstock.php
1755485338|Isabela Crestane|A|/resources/lang/pt_BR/order.php
1755485338|Isabela Crestane|A|/resources/lang/pt_BR/pos.php
1755485338|Isabela Crestane|A|/resources/lang/pt_BR/suppliers.php
1755485338|Isabela Crestane|A|/resources/lang/pt_BR/suppliersregister.php
1755485338|Isabela Crestane|M|/resources/views/cadastro-fornecedor.blade.php
1755485338|Isabela Crestane|M|/resources/views/etiquetas.blade.php
1755485338|Isabela Crestane|M|/resources/views/lote/detalhamento.blade.php
1755485338|Isabela Crestane|M|/resources/views/orders/index.blade.php
1755485338|Isabela Crestane|M|/resources/views/products/estoque-baixo.blade.php
1755485338|Isabela Crestane|M|/resources/views/sales/create.blade.php
1755485338|Isabela Crestane|M|/resources/views/suppliers/index.blade.php
1755486450|Isabela Crestane|M|/resources/views/suppliers/index.blade.php
1755559544|Isabela Crestane|M|/resources/lang/en/menu.php
1755559544|Isabela Crestane|M|/resources/lang/pt_BR/menu.php
1755559544|Isabela Crestane|M|/resources/views/admin/gerar-cartao.blade.php
1755559544|Isabela Crestane|M|/resources/views/components/btn-cancelar.blade.php
1755559544|Isabela Crestane|M|/resources/views/layouts/app.blade.php
1755559544|Isabela Crestane|M|/resources/views/suppliers/index.blade.php
1755701518|Isabela Crestane|M|/resources/lang/en/stock_movement.php
1755701518|Isabela Crestane|M|/resources/lang/pt_BR/stock_movement.php
1755701518|Isabela Crestane|M|/resources/views/entrada-saida.blade.php
1755705748|Gabriellluna|M|/resources/views/entrada-saida.blade.php
1755713166|Gabriellluna|M|/app/Http/Controllers/BatchController.php
1755713166|Gabriellluna|M|/app/Models/Batch.php
1755713166|Gabriellluna|M|/app/Models/Movement.php
1755713166|Gabriellluna|M|/app/Models/Product.php
1755713166|Gabriellluna|M|/resources/views/entrada-saida.blade.php
1755713576|Isabela Crestane|M|/resources/lang/pt_BR/stock_movement.php
1755803934|Gabriellluna|M|/app/Http/Controllers/AdminController.php
1755803934|Gabriellluna|M|/app/Http/Controllers/BatchController.php
1755803934|Gabriellluna|M|/app/Http/Controllers/MovementController.php
1755803934|Gabriellluna|M|/app/Models/Movement.php
1755803934|Gabriellluna|M|/resources/views/dashboard.blade.php
1755803934|Gabriellluna|M|/resources/views/entrada-saida.blade.php
1755976553|GustavoEmiliano|A|/public/css/create-company.css
1755976553|GustavoEmiliano|M|/public/js/empresa.js
1755976553|GustavoEmiliano|M|/resources/views/companies/create.blade.php
1755989113|GustavoEmiliano|D|/public/css/create-company.css
1755989113|GustavoEmiliano|M|/public/js/empresa.js
1755989113|GustavoEmiliano|M|/resources/views/companies/create.blade.php
1756079150|Felipe Witkowsky|M|/public/css/app.css
1756079150|Felipe Witkowsky|M|/resources/views/components/btn-cancelar.blade.php
1756079150|Felipe Witkowsky|M|/resources/views/layouts/app.blade.php
1756084463|GustavoEmiliano|A|/public/css/companies-create.css
1756084463|GustavoEmiliano|M|/public/js/empresa.js
1756084463|GustavoEmiliano|M|/resources/views/companies/create.blade.php
1756086375|Felipe Witkowsky|M|/app/Http/Controllers/AdminController.php
1756086375|Felipe Witkowsky|M|/public/js/dashboard.js
1756086375|Felipe Witkowsky|M|/resources/views/dashboard.blade.php
1756086375|Felipe Witkowsky|M|/resources/views/layouts/css-variables.blade.php
1756086375|Felipe Witkowsky|M|/routes/web.php
1756086733|Felipe Witkowsky|M|/public/js/dashboard.js
1756138265|GustavoEmiliano|M|/app/Http/Controllers/CompanyController.php
1756138265|GustavoEmiliano|M|/public/css/companies-create.css
1756138265|GustavoEmiliano|A|/public/js/companies-create.js
1756138265|GustavoEmiliano|D|/public/js/empresa.js
1756138265|GustavoEmiliano|M|/resources/views/companies/create.blade.php
1756139033|GustavoEmiliano|M|/public/js/companies-create.js
1756144885|Gabriellluna|M|/app/Http/Controllers/AdminController.php
1756144885|Gabriellluna|M|/resources/views/dashboard.blade.php
1756144885|Gabriellluna|M|/resources/views/entrada-saida.blade.php
1756150352|Gabriellluna|M|/resources/views/entrada-saida.blade.php
1756150485|GustavoEmiliano|M|/app/Http/Controllers/AuthController.php
1756150485|GustavoEmiliano|M|/app/Http/Controllers/ContatoController.php
1756150485|GustavoEmiliano|M|/public/css/Login.css
1756150485|GustavoEmiliano|M|/public/js/Login.js
1756150485|GustavoEmiliano|M|/resources/views/login.blade.php
1756150567|GustavoEmiliano|M|/public/css/Login.css
1756159626|Felipe Witkowsky|M|/app/Http/Controllers/AdminController.php
1756159626|Felipe Witkowsky|M|/public/js/dashboard.js
1756159626|Felipe Witkowsky|M|/resources/views/dashboard.blade.php
1756162320|Felipe Witkowsky|M|/resources/lang/en/products.php
1756162320|Felipe Witkowsky|M|/resources/lang/pt_BR/products.php
1756162320|Felipe Witkowsky|M|/resources/views/cadastro-produto.blade.php
1756162320|Felipe Witkowsky|M|/resources/views/products/index.blade.php
1756162320|Felipe Witkowsky|M|/resources/views/suppliers/index.blade.php
1756162373|Felipe Witkowsky|M|/resources/views/products/index.blade.php
1756164460|AnaWk|A|/app/Http/Controllers/SupportController.php
1756164460|AnaWk|M|/public/css/Login.css
1756164460|AnaWk|M|/resources/views/login.blade.php
1756164460|AnaWk|M|/routes/web.php
1756168946|Gabriellluna|M|/app/Http/Controllers/BatchController.php
1756168946|Gabriellluna|M|/app/Models/Batch.php
1756168946|Gabriellluna|M|/resources/views/lote/detalhamento.blade.php
1756168946|Gabriellluna|M|/routes/web.php
1756245126|Gabriellluna|M|/app/Http/Controllers/AdminController.php
1756248046|Gabriellluna|M|/resources/views/entrada-saida.blade.php
1756250859|Felipe Witkowsky|M|/resources/views/admin/gerar-cartao.blade.php
1756250859|Felipe Witkowsky|M|/resources/views/cadastro-fornecedor.blade.php
1756250859|Felipe Witkowsky|M|/resources/views/cadastro-produto.blade.php
1756250859|Felipe Witkowsky|M|/resources/views/companies/create.blade.php
1756250859|Felipe Witkowsky|M|/resources/views/components/btn-voltar.blade.php
1756250859|Felipe Witkowsky|M|/resources/views/lote/detalhamento.blade.php
1756253652|Felipe Witkowsky|M|/resources/views/companies/index.blade.php
1756253652|Felipe Witkowsky|M|/resources/views/components/btn-voltar.blade.php
1756257247|Felipe Witkowsky|M|/public/css/app.css
1756257247|Felipe Witkowsky|M|/public/css/companies-create.css
1756257247|Felipe Witkowsky|M|/public/css/entrada-saida.css
1756257247|Felipe Witkowsky|M|/resources/views/admin/gerar-cartao.blade.php
1756257247|Felipe Witkowsky|M|/resources/views/components/btn-mais.blade.php
1756257247|Felipe Witkowsky|M|/resources/views/components/btn-salvar.blade.php
1756257247|Felipe Witkowsky|M|/resources/views/entrada-saida.blade.php
1756257247|Felipe Witkowsky|M|/resources/views/etiquetas.blade.php
1756257247|Felipe Witkowsky|M|/resources/views/lote/detalhamento.blade.php
1756257247|Felipe Witkowsky|M|/resources/views/orders/index.blade.php
1756257247|Felipe Witkowsky|M|/resources/views/products/estoque-baixo.blade.php
1756257247|Felipe Witkowsky|M|/resources/views/suppliers/index.blade.php
1756389488|Felipe Witkowsky|M|/app/Http/Controllers/ProductController.php
1756389488|Felipe Witkowsky|M|/resources/views/products/index.blade.php
1756733545|Felipe Witkowsky|M|/public/css/app.css
1756733545|Felipe Witkowsky|M|/public/js/app.js
1756733545|Felipe Witkowsky|M|/resources/views/layouts/app.blade.php
1756733545|Felipe Witkowsky|M|/resources/views/products/estoque-baixo.blade.php
1756733545|Felipe Witkowsky|M|/resources/views/products/index.blade.php
1756736002|Felipe Witkowsky|M|/app/Http/Controllers/SaleController.php
1756736002|Felipe Witkowsky|M|/resources/lang/en/pos.php
1756736002|Felipe Witkowsky|M|/resources/lang/pt_BR/pos.php
1756736002|Felipe Witkowsky|M|/resources/views/sales/create.blade.php
1756746068|GustavoEmiliano|M|/public/css/companies-create.css
1756746068|GustavoEmiliano|M|/public/js/companies-create.js
1756746068|GustavoEmiliano|M|/resources/views/companies/create.blade.php
1756746068|GustavoEmiliano|M|/resources/views/login.blade.php
1756758583|GustavoEmiliano|M|/app/Http/Controllers/AddressController.php
1756758583|GustavoEmiliano|M|/app/Http/Controllers/CompanyController.php
1756758583|GustavoEmiliano|M|/app/Models/Address.php
1756758583|GustavoEmiliano|M|/public/css/companies-create.css
1756758583|GustavoEmiliano|M|/public/js/companies-create.js
1756758583|GustavoEmiliano|M|/resources/views/companies/create.blade.php
1756758583|GustavoEmiliano|M|/resources/views/login.blade.php
1756761725|Isabela Crestane|A|/resources/lang/en/buttons.php
1756761725|Isabela Crestane|M|/resources/lang/en/dashboard.php
1756761725|Isabela Crestane|M|/resources/lang/en/menu.php
1756761725|Isabela Crestane|M|/resources/lang/en/pos.php
1756761725|Isabela Crestane|A|/resources/lang/en/productsregister.php
1756761725|Isabela Crestane|M|/resources/lang/en/stock_movement.php
1756761725|Isabela Crestane|A|/resources/lang/pt_BR/buttons.php
1756761725|Isabela Crestane|M|/resources/lang/pt_BR/dashboard.php
1756761725|Isabela Crestane|M|/resources/lang/pt_BR/menu.php
1756761725|Isabela Crestane|A|/resources/lang/pt_BR/productsregister.php
1756761725|Isabela Crestane|M|/resources/lang/pt_BR/stock_movement.php
1756761725|Isabela Crestane|M|/resources/views/components/btn-cancelar.blade.php
1756761725|Isabela Crestane|M|/resources/views/components/btn-mais.blade.php
1756761725|Isabela Crestane|M|/resources/views/components/btn-salvar.blade.php
1756761725|Isabela Crestane|M|/resources/views/components/btn-voltar.blade.php
1756761725|Isabela Crestane|M|/resources/views/components/paginacao.blade.php
1756761725|Isabela Crestane|M|/resources/views/dashboard.blade.php
1756761725|Isabela Crestane|M|/resources/views/entrada-saida.blade.php
1756761725|Isabela Crestane|M|/resources/views/layouts/app.blade.php
1756770324|GustavoEmiliano|A|/app/Http/Controllers/UserController.php
1756770324|GustavoEmiliano|M|/public/css/companies-create.css
1756770324|GustavoEmiliano|M|/public/js/companies-create.js
1756770324|GustavoEmiliano|M|/resources/views/companies/create.blade.php
1756770324|GustavoEmiliano|M|/resources/views/login.blade.php
1756770324|GustavoEmiliano|M|/routes/web.php
1756771703|Felipe Witkowsky|M|/resources/views/login.blade.php
1756772494|GustavoEmiliano|M|/public/js/companies-create.js
1756772494|GustavoEmiliano|M|/resources/views/companies/create.blade.php
1756773043|GustavoEmiliano|M|/app/Http/Controllers/CompanyController.php
1756773043|GustavoEmiliano|M|/resources/views/login.blade.php
1756774406|Isabela Crestane|A|/resources/lang/en/product_register.php
1756774406|Isabela Crestane|D|/resources/lang/en/productsregister.php
1756774406|Isabela Crestane|A|/resources/lang/pt_BR/product_register.php
1756774406|Isabela Crestane|D|/resources/lang/pt_BR/productsregister.php
1756774406|Isabela Crestane|M|/resources/views/cadastro-produto.blade.php
1756774406|Isabela Crestane|M|/resources/views/login.blade.php
1756846573|AnaWk|M|/resources/views/login.blade.php
1756848246|AnaWk|M|/resources/views/cadastro-produto.blade.php
1756849574|AnaWk|M|/app/Http/Controllers/ProductController.php
1756849574|AnaWk|M|/composer.json
1756849574|AnaWk|M|/composer.lock
1756923021|Felipe Witkowsky|M|/resources/views/cadastro-produto.blade.php
1756923021|Felipe Witkowsky|M|/resources/views/layouts/app.blade.php
1756923791|Gabriellluna|M|/app/Http/Controllers/ProductController.php
1756923791|Gabriellluna|M|/resources/views/cadastro-produto.blade.php
1756923791|Gabriellluna|M|/resources/views/dashboard.blade.php
1756925991|Gabriellluna|M|/app/Http/Controllers/BatchController.php
1756925991|Gabriellluna|M|/resources/views/lote/detalhamento.blade.php
1756927533|Gabriellluna|M|/app/Http/Controllers/BatchController.php
1756927533|Gabriellluna|M|/app/Models/Batch.php
1756927533|Gabriellluna|M|/routes/web.php
1756927975|Felipe Witkowsky|M|/resources/views/etiquetas.blade.php
1756927975|Felipe Witkowsky|M|/resources/views/suppliers/index.blade.php
1756929029|Felipe Witkowsky|M|/resources/views/products/estoque-baixo.blade.php
1756930720|Felipe Witkowsky|M|/resources/views/cadastro-produto.blade.php
1757030191|Felipe Witkowsky|M|/app/Http/Controllers/EtiquetaController.php
1757030191|Felipe Witkowsky|M|/app/Http/Controllers/ProductController.php
1757030191|Felipe Witkowsky|M|/public/css/dashboard.css
1757030191|Felipe Witkowsky|M|/resources/views/cadastro-produto.blade.php
1757030191|Felipe Witkowsky|A|/resources/views/components/explanation.blade.php
1757030191|Felipe Witkowsky|M|/resources/views/layouts/app.blade.php
1757030191|Felipe Witkowsky|M|/resources/views/products/index.blade.php
1757036479|Felipe Witkowsky|M|/resources/views/layouts/app.blade.php
1757036479|Felipe Witkowsky|M|/resources/views/layouts/css-variables.blade.php
1757081725|Gabriellluna|M|/app/Http/Controllers/BatchController.php
1757081725|Gabriellluna|M|/resources/views/lote/detalhamento.blade.php
1757081725|Gabriellluna|M|/routes/web.php
1757094190|Gabriellluna|M|/app/Http/Controllers/BatchController.php
1757094190|Gabriellluna|M|/resources/views/lote/detalhamento.blade.php
1757113684|Gabriellluna|M|/app/Http/Controllers/BatchController.php
1757113684|Gabriellluna|M|/resources/views/lote/detalhamento.blade.php
1757372946|AnaWk|M|/resources/views/sales/create.blade.php
1757438988|Felipe Witkowsky|M|/app/Http/Controllers/ProductController.php
1757438988|Felipe Witkowsky|M|/resources/views/cadastro-produto.blade.php
1757857895|AnaWk|M|/app/Http/Controllers/UserController.php
1757857895|AnaWk|A|/app/Mail/SenhaVencidaMail.php
1757857895|AnaWk|A|/resources/views/emails/senha_vencida.blade.php
1757857895|AnaWk|M|/resources/views/login.blade.php
1757857895|AnaWk|M|/routes/web.php
1757864492|AnaWk|M|/app/Http/Controllers/AuthController.php
1757864492|AnaWk|M|/app/Http/Controllers/UserController.php
1757864492|AnaWk|M|/app/Models/User.php
1757864492|AnaWk|M|/public/css/Login.css
1757864492|AnaWk|M|/resources/views/login.blade.php
1757864492|AnaWk|M|/routes/web.php
1757986130|GustavoEmiliano|M|/app/Http/Controllers/UserController.php
1757986130|GustavoEmiliano|M|/composer.json
1757986130|GustavoEmiliano|M|/composer.lock
1757986130|GustavoEmiliano|M|/public/css/Login.css
1757986130|GustavoEmiliano|M|/public/js/Login.js
1757986130|GustavoEmiliano|M|/resources/views/login.blade.php
1757990252|GustavoEmiliano|M|/public/css/companies-create.css
1757990252|GustavoEmiliano|M|/public/js/companies-create.js
1757990252|GustavoEmiliano|M|/resources/views/companies/create.blade.php
1757990252|GustavoEmiliano|M|/resources/views/login.blade.php
1758419320|Isabela Crestane|M|/public/css/Login.css
1758419320|Isabela Crestane|A|/resources/lang/en/login.php
1758419320|Isabela Crestane|M|/resources/lang/en/menu.php
1758419320|Isabela Crestane|M|/resources/lang/en/products.php
1758419320|Isabela Crestane|A|/resources/lang/en/warning.php
1758419320|Isabela Crestane|A|/resources/lang/pt_BR/login.php
1758419320|Isabela Crestane|M|/resources/lang/pt_BR/menu.php
1758419320|Isabela Crestane|M|/resources/lang/pt_BR/products.php
1758419320|Isabela Crestane|A|/resources/lang/pt_BR/warning.php
1758419320|Isabela Crestane|M|/resources/views/layouts/app.blade.php
1758419320|Isabela Crestane|M|/resources/views/layouts/carregamento.blade.php
1758419320|Isabela Crestane|M|/resources/views/login.blade.php
1758419320|Isabela Crestane|M|/resources/views/products/index.blade.php
1758422079|GustavoEmiliano|M|/public/js/companies-create.js
1758422079|GustavoEmiliano|M|/resources/views/companies/create.blade.php
1758423901|GustavoEmiliano|M|/public/js/companies-create.js
1758423901|GustavoEmiliano|M|/resources/views/companies/create.blade.php
1758425065|GustavoEmiliano|M|/public/js/companies-create.js
1758425746|GustavoEmiliano|M|/public/js/companies-create.js
1758438197|GustavoEmiliano|M|/app/Http/Controllers/UserController.php
1758438197|GustavoEmiliano|M|/public/css/companies-create.css
1758438197|GustavoEmiliano|A|/public/js/companies-create-js/api.js
1758438197|GustavoEmiliano|A|/public/js/companies-create-js/events.js
1758438197|GustavoEmiliano|A|/public/js/companies-create-js/globals.js
1758438197|GustavoEmiliano|A|/public/js/companies-create-js/password.js
1758438197|GustavoEmiliano|A|/public/js/companies-create-js/ui.js
1758438197|GustavoEmiliano|A|/public/js/companies-create-js/utils.js
1758438197|GustavoEmiliano|D|/public/js/companies-create.js
1758438197|GustavoEmiliano|M|/resources/views/companies/create.blade.php
1758438197|GustavoEmiliano|M|/routes/web.php
1758446049|GustavoEmiliano|M|/public/js/companies-create-js/api.js
1758446049|GustavoEmiliano|M|/public/js/companies-create-js/events.js
1758446049|GustavoEmiliano|M|/resources/views/admin/admin-dashboard.blade.php
1758458656|AnaWk|M|/app/Http/Controllers/AuthController.php
1758458656|AnaWk|M|/resources/views/layouts/app.blade.php
1758458656|AnaWk|M|/routes/web.php
1758463154|AnaWk|M|/resources/views/cadastro-fornecedor.blade.php
1758463154|AnaWk|M|/resources/views/cadastro-produto.blade.php
1758463154|AnaWk|A|/resources/views/components/alert-modal.blade.php
1758463154|AnaWk|M|/resources/views/layouts/app.blade.php
1758463154|AnaWk|M|/resources/views/orders/index.blade.php
1758463154|AnaWk|M|/resources/views/suppliers/index.blade.php
1758475180|AnaWk|M|/app/Http/Controllers/BatchController.php
1758475180|AnaWk|M|/app/Http/Controllers/ProductController.php
1758475180|AnaWk|M|/resources/views/layouts/app.blade.php
1758475180|AnaWk|A|/resources/views/products/acompanhamento-validade.blade.php
1758475180|AnaWk|M|/routes/web.php
1758503056|GustavoEmiliano|A|/public/js/app-js/app.js
1758503056|GustavoEmiliano|A|/public/js/app-js/password.js
1758503056|GustavoEmiliano|D|/public/js/app.js
1758503056|GustavoEmiliano|M|/resources/views/layouts/app.blade.php
1758503056|GustavoEmiliano|M|/resources/views/layouts/css-variables.blade.php
1758571851|Gabriellluna|M|/app/Http/Controllers/CompanyController.php
1758587375|GustavoEmiliano|M|/resources/views/layouts/app.blade.php
1758592688|AnaWk|A|/public/js/products-create-js/image.js
1758592688|AnaWk|A|/public/js/products-create-js/utils.js
1758592688|AnaWk|M|/resources/views/cadastro-produto.blade.php
1758593894|Felipe Witkowsky|M|/public/css/app.css
1758593894|Felipe Witkowsky|M|/resources/views/sales/create.blade.php
1758666508|AnaWk|A|/public/js/supplier-create-js/utils.js
1758666508|AnaWk|M|/resources/views/cadastro-fornecedor.blade.php
1758715033|Gabriellluna|M|/app/Http/Controllers/CompanyController.php
1758715033|Gabriellluna|M|/app/Http/Controllers/ProductController.php
1758715033|Gabriellluna|M|/app/Models/Product.php
1758715033|Gabriellluna|M|/public/css/app.css
1758715033|Gabriellluna|M|/resources/views/cadastro-produto.blade.php
1758715033|Gabriellluna|M|/resources/views/companies/create.blade.php
1758715033|Gabriellluna|M|/resources/views/products/index.blade.php
1758715033|Gabriellluna|M|/routes/web.php
1758741419|Felipe Witkowsky|M|/public/js/dashboard.js
1758741419|Felipe Witkowsky|M|/resources/views/sales/create.blade.php
1758746343|Felipe Witkowsky|M|/resources/views/cadastro-produto.blade.php
1758746343|Felipe Witkowsky|M|/resources/views/sales/create.blade.php
1758746761|Felipe Witkowsky|M|/resources/views/products/index.blade.php
1758761912|AnaWk|M|/app/Http/Controllers/AuthController.php
1758761912|AnaWk|M|/resources/views/login.blade.php
1758762648|Gabriellluna|M|/app/Http/Controllers/MovementController.php
1758762648|Gabriellluna|M|/resources/views/entrada-saida.blade.php
1758762648|Gabriellluna|M|/resources/views/login.blade.php
1758763471|AnaWk|M|/resources/views/companies/create.blade.php
1758763471|AnaWk|M|/resources/views/layouts/app.blade.php
1758763592|Gabriellluna|M|/resources/views/entrada-saida.blade.php
1758764641|AnaWk|M|/resources/views/components/alert-modal.blade.php
1758764747|Gabriellluna|M|/resources/views/entrada-saida.blade.php
1758765333|AnaWk|M|/resources/views/layouts/app.blade.php
1758778621|GustavoEmiliano|M|/public/js/companies-create-js/api.js
1758778621|GustavoEmiliano|M|/public/js/companies-create-js/events.js
1758778621|GustavoEmiliano|M|/public/js/companies-create-js/globals.js
1758778621|GustavoEmiliano|M|/resources/views/companies/create.blade.php
1758782296|GustavoEmiliano|M|/public/css/companies-create.css
1758782296|GustavoEmiliano|M|/public/js/companies-create-js/password.js
1758782296|GustavoEmiliano|M|/resources/views/companies/create.blade.php
1758808566|Felipe Witkowsky|M|/public/js/dashboard.js
1758808566|Felipe Witkowsky|M|/resources/views/dashboard.blade.php
1758808566|Felipe Witkowsky|M|/resources/views/layouts/app.blade.php
1758808566|Felipe Witkowsky|M|/resources/views/layouts/css-variables.blade.php
1758808566|Felipe Witkowsky|M|/resources/views/sales/create.blade.php
1758811318|Gabriellluna|M|/resources/views/entrada-saida.blade.php
1758813007|Isabela Crestane|M|/resources/lang/en/menu.php
1758813007|Isabela Crestane|A|/resources/lang/en/tracking.php
1758813007|Isabela Crestane|M|/resources/lang/pt_BR/menu.php
1758813007|Isabela Crestane|A|/resources/lang/pt_BR/tracking.php
1758813007|Isabela Crestane|M|/resources/views/layouts/app.blade.php
1758813007|Isabela Crestane|M|/resources/views/products/acompanhamento-validade.blade.php
1758813007|Isabela Crestane|M|/resources/views/sales/create.blade.php
